2022-10-14 21:42:54,706 INFO com.sibusiso.banking.account.cheque.ChequeAccountServiceApplication [restartedMain] Starting ChequeAccountServiceApplication using Java 11.0.15.1 on LAPTOP-DP7E0NFI with PID 79768 (C:\Users\sbuma\Documents\Visual Studio 2017\cheque-account-service-client\target\classes started by sbuma in C:\Users\sbuma\Documents\Visual Studio 2017\cheque-account-service-client)
2022-10-14 21:42:54,707 DEBUG com.sibusiso.banking.account.cheque.ChequeAccountServiceApplication [restartedMain] Running with Spring Boot v2.7.4, Spring v5.3.23
2022-10-14 21:42:54,708 INFO com.sibusiso.banking.account.cheque.ChequeAccountServiceApplication [restartedMain] No active profile set, falling back to 1 default profile: "default"
2022-10-14 21:42:56,757 INFO com.zaxxer.hikari.HikariDataSource [restartedMain] HikariPool-1 - Starting...
2022-10-14 21:42:56,867 INFO com.zaxxer.hikari.HikariDataSource [restartedMain] HikariPool-1 - Start completed.
2022-10-14 21:42:56,991 INFO org.hibernate.jpa.internal.util.LogHelper [restartedMain] HHH000204: Processing PersistenceUnitInfo [name: default]
2022-10-14 21:42:57,043 INFO org.hibernate.Version [restartedMain] HHH000412: Hibernate ORM core version 5.6.11.Final
2022-10-14 21:42:57,157 INFO org.hibernate.annotations.common.Version [restartedMain] HCANN000001: Hibernate Commons Annotations {5.1.2.Final}
2022-10-14 21:42:57,269 INFO org.hibernate.dialect.Dialect [restartedMain] HHH000400: Using dialect: org.hibernate.dialect.H2Dialect
2022-10-14 21:42:57,406 INFO org.hibernate.engine.transaction.jta.platform.internal.JtaPlatformInitiator [restartedMain] HHH000490: Using JtaPlatform implementation: [org.hibernate.engine.transaction.jta.platform.internal.NoJtaPlatform]
2022-10-14 21:42:57,789 INFO com.zaxxer.hikari.HikariDataSource [restartedMain] HikariPool-1 - Shutdown initiated...
2022-10-14 21:42:57,794 INFO com.zaxxer.hikari.HikariDataSource [restartedMain] HikariPool-1 - Shutdown completed.
2022-10-14 21:57:29,769 INFO com.sibusiso.banking.account.cheque.ChequeAccountServiceApplication [restartedMain] Starting ChequeAccountServiceApplication using Java 11.0.15.1 on LAPTOP-DP7E0NFI with PID 103220 (C:\Users\sbuma\Documents\Visual Studio 2017\cheque-account-service-client\target\classes started by sbuma in C:\Users\sbuma\Documents\Visual Studio 2017\cheque-account-service-client)
2022-10-14 21:57:29,770 DEBUG com.sibusiso.banking.account.cheque.ChequeAccountServiceApplication [restartedMain] Running with Spring Boot v2.7.4, Spring v5.3.23
2022-10-14 21:57:29,771 INFO com.sibusiso.banking.account.cheque.ChequeAccountServiceApplication [restartedMain] No active profile set, falling back to 1 default profile: "default"
2022-10-14 21:57:31,576 INFO org.apache.catalina.core.StandardService [restartedMain] Starting service [Tomcat]
2022-10-14 21:57:31,577 INFO org.apache.catalina.core.StandardEngine [restartedMain] Starting Servlet engine: [Apache Tomcat/9.0.65]
2022-10-14 21:57:31,684 INFO org.apache.catalina.core.ContainerBase.[Tomcat].[localhost].[/] [restartedMain] Initializing Spring embedded WebApplicationContext
2022-10-14 21:57:31,769 INFO com.zaxxer.hikari.HikariDataSource [restartedMain] HikariPool-1 - Starting...
2022-10-14 21:57:31,880 INFO com.zaxxer.hikari.HikariDataSource [restartedMain] HikariPool-1 - Start completed.
2022-10-14 21:57:32,003 INFO org.hibernate.jpa.internal.util.LogHelper [restartedMain] HHH000204: Processing PersistenceUnitInfo [name: default]
2022-10-14 21:57:32,056 INFO org.hibernate.Version [restartedMain] HHH000412: Hibernate ORM core version 5.6.11.Final
2022-10-14 21:57:32,183 INFO org.hibernate.annotations.common.Version [restartedMain] HCANN000001: Hibernate Commons Annotations {5.1.2.Final}
2022-10-14 21:57:32,298 INFO org.hibernate.dialect.Dialect [restartedMain] HHH000400: Using dialect: org.hibernate.dialect.H2Dialect
2022-10-14 21:57:32,734 INFO org.hibernate.engine.transaction.jta.platform.internal.JtaPlatformInitiator [restartedMain] HHH000490: Using JtaPlatform implementation: [org.hibernate.engine.transaction.jta.platform.internal.NoJtaPlatform]
2022-10-14 21:57:34,144 INFO com.netflix.discovery.DiscoveryClient [restartedMain] Initializing Eureka in region us-east-1
2022-10-14 21:57:34,148 INFO com.netflix.discovery.shared.resolver.aws.ConfigClusterResolver [restartedMain] Resolving eureka endpoints via configuration
2022-10-14 21:57:34,170 INFO com.netflix.discovery.DiscoveryClient [restartedMain] Disable delta property : false
2022-10-14 21:57:34,170 INFO com.netflix.discovery.DiscoveryClient [restartedMain] Single vip registry refresh property : null
2022-10-14 21:57:34,170 INFO com.netflix.discovery.DiscoveryClient [restartedMain] Force full registry fetch : false
2022-10-14 21:57:34,171 INFO com.netflix.discovery.DiscoveryClient [restartedMain] Application is null : false
2022-10-14 21:57:34,171 INFO com.netflix.discovery.DiscoveryClient [restartedMain] Registered Applications size is zero : true
2022-10-14 21:57:34,171 INFO com.netflix.discovery.DiscoveryClient [restartedMain] Application version is -1: true
2022-10-14 21:57:34,171 INFO com.netflix.discovery.DiscoveryClient [restartedMain] Getting all instance registry info from the eureka server
2022-10-14 21:57:35,098 INFO com.netflix.discovery.DiscoveryClient [restartedMain] The response status is 200
2022-10-14 21:57:35,100 INFO com.netflix.discovery.DiscoveryClient [restartedMain] Starting heartbeat executor: renew interval is: 30
2022-10-14 21:57:35,102 INFO com.netflix.discovery.InstanceInfoReplicator [restartedMain] InstanceInfoReplicator onDemand update allowed rate per min is 4
2022-10-14 21:57:35,108 INFO com.netflix.discovery.DiscoveryClient [restartedMain] Discovery Client initialized at timestamp 1665777455107 with initial instances count: 0
2022-10-14 21:57:35,110 INFO com.netflix.discovery.DiscoveryClient [restartedMain] Saw local status change event StatusChangeEvent [timestamp=1665777455110, current=UP, previous=STARTING]
2022-10-14 21:57:35,111 INFO com.netflix.discovery.DiscoveryClient [DiscoveryClient-InstanceInfoReplicator-0] DiscoveryClient_CHEQUE-ACCOUNT-CLIENT/host.docker.internal:cheque-account-client:8084: registering service...
2022-10-14 21:57:35,280 INFO com.netflix.discovery.DiscoveryClient [DiscoveryClient-InstanceInfoReplicator-0] DiscoveryClient_CHEQUE-ACCOUNT-CLIENT/host.docker.internal:cheque-account-client:8084 - registration status: 204
2022-10-14 21:57:35,489 INFO com.sibusiso.banking.account.cheque.ChequeAccountServiceApplication [restartedMain] Started ChequeAccountServiceApplication in 6.359 seconds (JVM running for 6.938)
2022-10-14 21:58:05,105 INFO com.netflix.discovery.DiscoveryClient [DiscoveryClient-CacheRefreshExecutor-0] Disable delta property : false
2022-10-14 21:58:05,106 INFO com.netflix.discovery.DiscoveryClient [DiscoveryClient-CacheRefreshExecutor-0] Single vip registry refresh property : null
2022-10-14 21:58:05,106 INFO com.netflix.discovery.DiscoveryClient [DiscoveryClient-CacheRefreshExecutor-0] Force full registry fetch : false
2022-10-14 21:58:05,106 INFO com.netflix.discovery.DiscoveryClient [DiscoveryClient-CacheRefreshExecutor-0] Application is null : false
2022-10-14 21:58:05,107 INFO com.netflix.discovery.DiscoveryClient [DiscoveryClient-CacheRefreshExecutor-0] Registered Applications size is zero : true
2022-10-14 21:58:05,107 INFO com.netflix.discovery.DiscoveryClient [DiscoveryClient-CacheRefreshExecutor-0] Application version is -1: false
2022-10-14 21:58:05,107 INFO com.netflix.discovery.DiscoveryClient [DiscoveryClient-CacheRefreshExecutor-0] Getting all instance registry info from the eureka server
2022-10-14 21:58:05,129 INFO com.netflix.discovery.DiscoveryClient [DiscoveryClient-CacheRefreshExecutor-0] The response status is 200
2022-10-14 21:58:12,334 INFO org.apache.catalina.core.ContainerBase.[Tomcat].[localhost].[/] [http-nio-8084-exec-1] Initializing Spring DispatcherServlet 'dispatcherServlet'
2022-10-14 21:58:12,380 DEBUG com.sibusiso.banking.account.cheque.AccountService [http-nio-8084-exec-1] To create a cheque account: 87678489 with initial amount 123.0
2022-10-14 21:58:28,366 DEBUG com.sibusiso.banking.account.cheque.AccountService [http-nio-8084-exec-4] To deposit into account: 87678489 with amount 123.0
2022-10-14 21:59:10,041 DEBUG com.sibusiso.banking.account.cheque.AccountService [http-nio-8084-exec-5] To withdraw from account: 87678489 amount 123.0
2022-10-14 22:00:20,205 INFO com.netflix.discovery.DiscoveryClient [SpringApplicationShutdownHook] Saw local status change event StatusChangeEvent [timestamp=1665777620205, current=DOWN, previous=UP]
2022-10-14 22:00:20,206 INFO com.netflix.discovery.DiscoveryClient [DiscoveryClient-InstanceInfoReplicator-0] DiscoveryClient_CHEQUE-ACCOUNT-CLIENT/host.docker.internal:cheque-account-client:8084: registering service...
2022-10-14 22:00:20,222 INFO com.netflix.discovery.DiscoveryClient [DiscoveryClient-InstanceInfoReplicator-0] DiscoveryClient_CHEQUE-ACCOUNT-CLIENT/host.docker.internal:cheque-account-client:8084 - registration status: 204
2022-10-14 22:00:20,623 INFO com.zaxxer.hikari.HikariDataSource [SpringApplicationShutdownHook] HikariPool-1 - Shutdown initiated...
2022-10-14 22:00:20,671 INFO com.zaxxer.hikari.HikariDataSource [SpringApplicationShutdownHook] HikariPool-1 - Shutdown completed.
2022-10-14 22:00:20,672 INFO com.netflix.discovery.DiscoveryClient [SpringApplicationShutdownHook] Shutting down DiscoveryClient ...
2022-10-14 22:00:23,684 INFO com.netflix.discovery.DiscoveryClient [SpringApplicationShutdownHook] Unregistering ...
2022-10-14 22:00:23,704 INFO com.netflix.discovery.DiscoveryClient [SpringApplicationShutdownHook] DiscoveryClient_CHEQUE-ACCOUNT-CLIENT/host.docker.internal:cheque-account-client:8084 - deregister  status: 200
2022-10-14 22:00:23,713 INFO com.netflix.discovery.DiscoveryClient [SpringApplicationShutdownHook] Completed shut down of DiscoveryClient
2022-10-14 22:00:36,848 INFO com.sibusiso.banking.account.cheque.ChequeAccountServiceApplication [restartedMain] Starting ChequeAccountServiceApplication using Java 11.0.15.1 on LAPTOP-DP7E0NFI with PID 106128 (C:\Users\sbuma\Documents\Visual Studio 2017\cheque-account-service-client\target\classes started by sbuma in C:\Users\sbuma\Documents\Visual Studio 2017\cheque-account-service-client)
2022-10-14 22:00:36,850 DEBUG com.sibusiso.banking.account.cheque.ChequeAccountServiceApplication [restartedMain] Running with Spring Boot v2.7.4, Spring v5.3.23
2022-10-14 22:00:36,850 INFO com.sibusiso.banking.account.cheque.ChequeAccountServiceApplication [restartedMain] No active profile set, falling back to 1 default profile: "default"
2022-10-14 22:00:38,521 INFO org.apache.catalina.core.StandardService [restartedMain] Starting service [Tomcat]
2022-10-14 22:00:38,522 INFO org.apache.catalina.core.StandardEngine [restartedMain] Starting Servlet engine: [Apache Tomcat/9.0.65]
2022-10-14 22:00:38,622 INFO org.apache.catalina.core.ContainerBase.[Tomcat].[localhost].[/] [restartedMain] Initializing Spring embedded WebApplicationContext
2022-10-14 22:00:38,699 INFO com.zaxxer.hikari.HikariDataSource [restartedMain] HikariPool-1 - Starting...
2022-10-14 22:00:38,811 INFO com.zaxxer.hikari.HikariDataSource [restartedMain] HikariPool-1 - Start completed.
2022-10-14 22:00:38,923 INFO org.hibernate.jpa.internal.util.LogHelper [restartedMain] HHH000204: Processing PersistenceUnitInfo [name: default]
2022-10-14 22:00:38,974 INFO org.hibernate.Version [restartedMain] HHH000412: Hibernate ORM core version 5.6.11.Final
2022-10-14 22:00:39,098 INFO org.hibernate.annotations.common.Version [restartedMain] HCANN000001: Hibernate Commons Annotations {5.1.2.Final}
2022-10-14 22:00:39,194 INFO org.hibernate.dialect.Dialect [restartedMain] HHH000400: Using dialect: org.hibernate.dialect.H2Dialect
2022-10-14 22:00:39,618 INFO org.hibernate.engine.transaction.jta.platform.internal.JtaPlatformInitiator [restartedMain] HHH000490: Using JtaPlatform implementation: [org.hibernate.engine.transaction.jta.platform.internal.NoJtaPlatform]
2022-10-14 22:00:40,996 INFO com.netflix.discovery.DiscoveryClient [restartedMain] Initializing Eureka in region us-east-1
2022-10-14 22:00:41,001 INFO com.netflix.discovery.shared.resolver.aws.ConfigClusterResolver [restartedMain] Resolving eureka endpoints via configuration
2022-10-14 22:00:41,026 INFO com.netflix.discovery.DiscoveryClient [restartedMain] Disable delta property : false
2022-10-14 22:00:41,026 INFO com.netflix.discovery.DiscoveryClient [restartedMain] Single vip registry refresh property : null
2022-10-14 22:00:41,026 INFO com.netflix.discovery.DiscoveryClient [restartedMain] Force full registry fetch : false
2022-10-14 22:00:41,027 INFO com.netflix.discovery.DiscoveryClient [restartedMain] Application is null : false
2022-10-14 22:00:41,027 INFO com.netflix.discovery.DiscoveryClient [restartedMain] Registered Applications size is zero : true
2022-10-14 22:00:41,027 INFO com.netflix.discovery.DiscoveryClient [restartedMain] Application version is -1: true
2022-10-14 22:00:41,028 INFO com.netflix.discovery.DiscoveryClient [restartedMain] Getting all instance registry info from the eureka server
2022-10-14 22:00:41,299 INFO com.netflix.discovery.DiscoveryClient [restartedMain] The response status is 200
2022-10-14 22:00:41,301 INFO com.netflix.discovery.DiscoveryClient [restartedMain] Starting heartbeat executor: renew interval is: 30
2022-10-14 22:00:41,304 INFO com.netflix.discovery.InstanceInfoReplicator [restartedMain] InstanceInfoReplicator onDemand update allowed rate per min is 4
2022-10-14 22:00:41,311 INFO com.netflix.discovery.DiscoveryClient [restartedMain] Discovery Client initialized at timestamp 1665777641309 with initial instances count: 0
2022-10-14 22:00:41,313 INFO com.netflix.discovery.DiscoveryClient [restartedMain] Saw local status change event StatusChangeEvent [timestamp=1665777641313, current=UP, previous=STARTING]
2022-10-14 22:00:41,315 INFO com.netflix.discovery.DiscoveryClient [DiscoveryClient-InstanceInfoReplicator-0] DiscoveryClient_CHEQUE-ACCOUNT-CLIENT/host.docker.internal:cheque-account-client:8084: registering service...
2022-10-14 22:00:41,355 INFO com.netflix.discovery.DiscoveryClient [DiscoveryClient-InstanceInfoReplicator-0] DiscoveryClient_CHEQUE-ACCOUNT-CLIENT/host.docker.internal:cheque-account-client:8084 - registration status: 204
2022-10-14 22:00:41,693 INFO com.sibusiso.banking.account.cheque.ChequeAccountServiceApplication [restartedMain] Started ChequeAccountServiceApplication in 5.442 seconds (JVM running for 5.975)
2022-10-14 22:01:11,318 INFO com.netflix.discovery.DiscoveryClient [DiscoveryClient-CacheRefreshExecutor-0] Disable delta property : false
2022-10-14 22:01:11,321 INFO com.netflix.discovery.DiscoveryClient [DiscoveryClient-CacheRefreshExecutor-0] Single vip registry refresh property : null
2022-10-14 22:01:11,323 INFO com.netflix.discovery.DiscoveryClient [DiscoveryClient-CacheRefreshExecutor-0] Force full registry fetch : false
2022-10-14 22:01:11,324 INFO com.netflix.discovery.DiscoveryClient [DiscoveryClient-CacheRefreshExecutor-0] Application is null : false
2022-10-14 22:01:11,325 INFO com.netflix.discovery.DiscoveryClient [DiscoveryClient-CacheRefreshExecutor-0] Registered Applications size is zero : true
2022-10-14 22:01:11,326 INFO com.netflix.discovery.DiscoveryClient [DiscoveryClient-CacheRefreshExecutor-0] Application version is -1: false
2022-10-14 22:01:11,327 INFO com.netflix.discovery.DiscoveryClient [DiscoveryClient-CacheRefreshExecutor-0] Getting all instance registry info from the eureka server
2022-10-14 22:01:11,347 INFO com.netflix.discovery.DiscoveryClient [DiscoveryClient-CacheRefreshExecutor-0] The response status is 200
2022-10-14 22:01:14,184 INFO org.apache.catalina.core.ContainerBase.[Tomcat].[localhost].[/] [http-nio-8084-exec-1] Initializing Spring DispatcherServlet 'dispatcherServlet'
2022-10-14 22:01:14,228 DEBUG com.sibusiso.banking.account.cheque.AccountService [http-nio-8084-exec-1] To create a cheque account: 87678489 with initial amount 123.0
2022-10-14 22:01:19,736 DEBUG com.sibusiso.banking.account.cheque.AccountService [http-nio-8084-exec-2] To withdraw from account: 87678489 amount 123.0
2022-10-14 22:01:24,124 INFO com.netflix.discovery.DiscoveryClient [SpringApplicationShutdownHook] Saw local status change event StatusChangeEvent [timestamp=1665777684124, current=DOWN, previous=UP]
2022-10-14 22:01:24,125 INFO com.netflix.discovery.DiscoveryClient [DiscoveryClient-InstanceInfoReplicator-0] DiscoveryClient_CHEQUE-ACCOUNT-CLIENT/host.docker.internal:cheque-account-client:8084: registering service...
2022-10-14 22:01:24,133 INFO com.netflix.discovery.DiscoveryClient [DiscoveryClient-InstanceInfoReplicator-0] DiscoveryClient_CHEQUE-ACCOUNT-CLIENT/host.docker.internal:cheque-account-client:8084 - registration status: 204
2022-10-14 22:01:24,444 ERROR com.zaxxer.hikari.pool.HikariPool [HikariPool-1 connection adder] HikariPool-1 - Error thrown while acquiring connection from data source
org.h2.jdbc.JdbcSQLNonTransientConnectionException: The database is open in exclusive mode; can not open additional connections [90135-214]
	at org.h2.message.DbException.getJdbcSQLException(DbException.java:678)
	at org.h2.message.DbException.getJdbcSQLException(DbException.java:477)
	at org.h2.message.DbException.get(DbException.java:223)
	at org.h2.message.DbException.get(DbException.java:199)
	at org.h2.message.DbException.get(DbException.java:188)
	at org.h2.engine.SessionLocal.checkSuspended(SessionLocal.java:1240)
	at org.h2.engine.SessionLocal.isOpen(SessionLocal.java:1173)
	at org.h2.engine.SessionLocal.waitIfExclusiveModeEnabled(SessionLocal.java:1486)
	at org.h2.command.Command.executeQuery(Command.java:180)
	at org.h2.jdbc.JdbcConnection.isReadOnly(JdbcConnection.java:538)
	at com.zaxxer.hikari.pool.PoolBase.setupConnection(PoolBase.java:408)
	at com.zaxxer.hikari.pool.PoolBase.newConnection(PoolBase.java:369)
	at com.zaxxer.hikari.pool.PoolBase.newPoolEntry(PoolBase.java:206)
	at com.zaxxer.hikari.pool.HikariPool.createPoolEntry(HikariPool.java:476)
	at com.zaxxer.hikari.pool.HikariPool.access$100(HikariPool.java:71)
	at com.zaxxer.hikari.pool.HikariPool$PoolEntryCreator.call(HikariPool.java:726)
	at com.zaxxer.hikari.pool.HikariPool$PoolEntryCreator.call(HikariPool.java:712)
	at java.base/java.util.concurrent.FutureTask.run(FutureTask.java:264)
	at java.base/java.util.concurrent.ThreadPoolExecutor.runWorker(ThreadPoolExecutor.java:1128)
	at java.base/java.util.concurrent.ThreadPoolExecutor$Worker.run(ThreadPoolExecutor.java:628)
	at java.base/java.lang.Thread.run(Thread.java:834)
2022-10-14 22:01:24,534 INFO com.zaxxer.hikari.HikariDataSource [SpringApplicationShutdownHook] HikariPool-1 - Shutdown initiated...
2022-10-14 22:01:24,705 INFO com.zaxxer.hikari.HikariDataSource [SpringApplicationShutdownHook] HikariPool-1 - Shutdown completed.
2022-10-14 22:01:24,707 INFO com.netflix.discovery.DiscoveryClient [SpringApplicationShutdownHook] Shutting down DiscoveryClient ...
2022-10-14 22:01:27,714 INFO com.netflix.discovery.DiscoveryClient [SpringApplicationShutdownHook] Unregistering ...
2022-10-14 22:01:27,732 INFO com.netflix.discovery.DiscoveryClient [SpringApplicationShutdownHook] DiscoveryClient_CHEQUE-ACCOUNT-CLIENT/host.docker.internal:cheque-account-client:8084 - deregister  status: 200
2022-10-14 22:01:27,738 INFO com.netflix.discovery.DiscoveryClient [SpringApplicationShutdownHook] Completed shut down of DiscoveryClient
